<?xml version="1.0" encoding="UTF-8"?>
<testsuite name="com.naver.book.springboot.web.HelloControllerTest" tests="2" skipped="0" failures="0" errors="0" timestamp="2021-01-28T04:40:51" hostname="AL01543535.local" time="0.122">
  <properties/>
  <testcase name="hello가_리턴된다()" classname="com.naver.book.springboot.web.HelloControllerTest" time="0.055"/>
  <testcase name="helloDto가_리턴된다()" classname="com.naver.book.springboot.web.HelloControllerTest" time="0.066"/>
  <system-out><![CDATA[2021-01-28 13:40:50.537  INFO 82432 --- [    Test worker] .b.t.a.w.s.WebMvcTestContextBootstrapper : Neither @ContextConfiguration nor @ContextHierarchy found for test class [com.naver.book.springboot.web.HelloControllerTest], using SpringBootContextLoader
2021-01-28 13:40:50.537  INFO 82432 --- [    Test worker] o.s.t.c.support.AbstractContextLoader    : Could not detect default resource locations for test class [com.naver.book.springboot.web.HelloControllerTest]: no resource found for suffixes {-context.xml, Context.groovy}.
2021-01-28 13:40:50.538  INFO 82432 --- [    Test worker] t.c.s.AnnotationConfigContextLoaderUtils : Could not detect default configuration classes for test class [com.naver.book.springboot.web.HelloControllerTest]: HelloControllerTest does not declare any static, non-private, non-final, nested classes annotated with @Configuration.
2021-01-28 13:40:50.551  INFO 82432 --- [    Test worker] .b.t.c.SpringBootTestContextBootstrapper : Found @SpringBootConfiguration com.naver.book.springboot.Application for test class com.naver.book.springboot.web.HelloControllerTest
2021-01-28 13:40:50.552  INFO 82432 --- [    Test worker] .b.t.a.w.s.WebMvcTestContextBootstrapper : Loaded default TestExecutionListener class names from location [META-INF/spring.factories]: [org.springframework.security.test.context.support.WithSecurityContextTestExecutionListener, org.springframework.security.test.context.support.ReactorContextTestExecutionListener, org.springframework.boot.test.autoconfigure.restdocs.RestDocsTestExecutionListener, org.springframework.boot.test.autoconfigure.web.client.MockRestServiceServerResetTestExecutionListener, org.springframework.boot.test.autoconfigure.web.servlet.MockMvcPrintOnlyOnFailureTestExecutionListener, org.springframework.boot.test.autoconfigure.web.servlet.WebDriverTestExecutionListener, org.springframework.boot.test.autoconfigure.webservices.client.MockWebServiceServerTestExecutionListener, org.springframework.boot.test.mock.mockito.MockitoTestExecutionListener, org.springframework.boot.test.mock.mockito.ResetMocksTestExecutionListener, org.springframework.test.context.web.ServletTestExecutionListener, org.springframework.test.context.support.DirtiesContextBeforeModesTestExecutionListener, org.springframework.test.context.support.DependencyInjectionTestExecutionListener, org.springframework.test.context.support.DirtiesContextTestExecutionListener, org.springframework.test.context.transaction.TransactionalTestExecutionListener, org.springframework.test.context.jdbc.SqlScriptsTestExecutionListener, org.springframework.test.context.event.EventPublishingTestExecutionListener]
2021-01-28 13:40:50.553  INFO 82432 --- [    Test worker] .b.t.a.w.s.WebMvcTestContextBootstrapper : Using TestExecutionListeners: [org.springframework.test.context.web.ServletTestExecutionListener@37e8fbd3, org.springframework.test.context.support.DirtiesContextBeforeModesTestExecutionListener@61e89af7, org.springframework.boot.test.mock.mockito.MockitoTestExecutionListener@651e1b33, org.springframework.boot.test.autoconfigure.SpringBootDependencyInjectionTestExecutionListener@68127c08, org.springframework.test.context.support.DirtiesContextTestExecutionListener@18d424ba, org.springframework.test.context.transaction.TransactionalTestExecutionListener@3d4e2a75, org.springframework.test.context.jdbc.SqlScriptsTestExecutionListener@281c696c, org.springframework.security.test.context.support.WithSecurityContextTestExecutionListener@5315b25b, org.springframework.test.context.event.EventPublishingTestExecutionListener@6addbd77, org.springframework.security.test.context.support.ReactorContextTestExecutionListener@268c2fdb, org.springframework.boot.test.autoconfigure.restdocs.RestDocsTestExecutionListener@6d90756f, org.springframework.boot.test.autoconfigure.web.client.MockRestServiceServerResetTestExecutionListener@13e995ec, org.springframework.boot.test.autoconfigure.web.servlet.MockMvcPrintOnlyOnFailureTestExecutionListener@1458b4e3, org.springframework.boot.test.autoconfigure.web.servlet.WebDriverTestExecutionListener@53edb344, org.springframework.boot.test.autoconfigure.webservices.client.MockWebServiceServerTestExecutionListener@3d388f5b, org.springframework.boot.test.mock.mockito.ResetMocksTestExecutionListener@62a12be5]

  .   ____          _            __ _ _
 /\\ / ___'_ __ _ _(_)_ __  __ _ \ \ \ \
( ( )\___ | '_ | '_| | '_ \/ _` | \ \ \ \
 \\/  ___)| |_)| | | | | || (_| |  ) ) ) )
  '  |____| .__|_| |_|_| |_\__, | / / / /
 =========|_|==============|___/=/_/_/_/
 :: Spring Boot ::                (v2.4.1)

2021-01-28 13:40:50.568  INFO 82432 --- [    Test worker] c.n.b.s.web.HelloControllerTest          : Starting HelloControllerTest using Java 14.0.2 on AL01543535.local with PID 82432 (started by user in /Users/user/Desktop/bsy/universe)
2021-01-28 13:40:50.569  INFO 82432 --- [    Test worker] c.n.b.s.web.HelloControllerTest          : No active profile set, falling back to default profiles: default
2021-01-28 13:40:50.773  INFO 82432 --- [    Test worker] o.s.s.concurrent.ThreadPoolTaskExecutor  : Initializing ExecutorService 'applicationTaskExecutor'
2021-01-28 13:40:50.793  INFO 82432 --- [    Test worker] o.s.b.a.w.s.WelcomePageHandlerMapping    : Adding welcome page template: index
2021-01-28 13:40:50.954  INFO 82432 --- [    Test worker] o.s.s.web.DefaultSecurityFilterChain     : Will secure any request with [org.springframework.security.web.context.request.async.WebAsyncManagerIntegrationFilter@4e3b8de7, org.springframework.security.web.context.SecurityContextPersistenceFilter@777fd293, org.springframework.security.web.header.HeaderWriterFilter@47524c5c, org.springframework.security.web.csrf.CsrfFilter@5f64666e, org.springframework.security.web.authentication.logout.LogoutFilter@4fcb0887, org.springframework.security.oauth2.client.web.OAuth2AuthorizationRequestRedirectFilter@1bd67b30, org.springframework.security.oauth2.client.web.OAuth2AuthorizationRequestRedirectFilter@49dca67d, org.springframework.security.oauth2.client.web.OAuth2LoginAuthenticationFilter@75d80f10, org.springframework.security.web.authentication.ui.DefaultLoginPageGeneratingFilter@72fa8096, org.springframework.security.web.authentication.ui.DefaultLogoutPageGeneratingFilter@334d155b, org.springframework.security.web.savedrequest.RequestCacheAwareFilter@4a73575, org.springframework.security.web.servletapi.SecurityContextHolderAwareRequestFilter@51c2a911, org.springframework.security.web.authentication.AnonymousAuthenticationFilter@52730ebd, org.springframework.security.oauth2.client.web.OAuth2AuthorizationCodeGrantFilter@244e8a6f, org.springframework.security.web.session.SessionManagementFilter@438a9edc, org.springframework.security.web.access.ExceptionTranslationFilter@3b791a4b, org.springframework.security.web.access.intercept.FilterSecurityInterceptor@c5a1cbf]
2021-01-28 13:40:51.008  INFO 82432 --- [    Test worker] o.s.b.t.m.w.SpringBootMockServletContext : Initializing Spring TestDispatcherServlet ''
2021-01-28 13:40:51.009  INFO 82432 --- [    Test worker] o.s.t.web.servlet.TestDispatcherServlet  : Initializing Servlet ''
2021-01-28 13:40:51.009  INFO 82432 --- [    Test worker] o.s.t.web.servlet.TestDispatcherServlet  : Completed initialization in 0 ms
2021-01-28 13:40:51.017  INFO 82432 --- [    Test worker] c.n.b.s.web.HelloControllerTest          : Started HelloControllerTest in 0.463 seconds (JVM running for 10.634)
]]></system-out>
  <system-err><![CDATA[]]></system-err>
</testsuite>
